<?xml version="1.0" encoding="UTF-8"?>
<!-- Generated by org.testng.reporters.JUnitReportReporter -->
<testsuite skipped="0" hostname="SAMIRKUM" name="testNG.parameterTest" tests="3" failures="0" timestamp="06 Dec 2017 13:51:14 GMT" time="17.207" errors="0">
  <testcase name="openURL" time="7.093" classname="testNG.parameterTest"/>
  <testcase name="openURL" time="2.513" classname="testNG.parameterTest"/>
  <testcase name="openURL" time="7.601" classname="testNG.parameterTest"/>
</testsuite> <!-- testNG.parameterTest -->
