<?xml version="1.0" encoding="UTF-8"?>
<!-- Generated by org.testng.reporters.JUnitReportReporter -->
<testsuite skipped="0" hostname="SAMIRKUM" name="testNG.gmailLogin" tests="1" failures="0" timestamp="27 Dec 2017 10:24:58 GMT" time="18.707" errors="0">
  <testcase name="launchLogin" time="18.707" classname="testNG.gmailLogin"/>
</testsuite> <!-- testNG.gmailLogin -->
