<?xml version="1.0" encoding="UTF-8"?>
<!-- Generated by org.testng.reporters.JUnitReportReporter -->
<testsuite skipped="0" hostname="SAMIRKUM" name="testNG.annotatiaonTest" tests="1" failures="0" timestamp="29 Aug 2017 04:32:13 GMT" time="0.003" errors="0">
  <testcase name="f" time="0.003" classname="testNG.annotatiaonTest"/>
</testsuite> <!-- testNG.annotatiaonTest -->
