<?xml version="1.0" encoding="UTF-8"?>
<!-- Generated by org.testng.reporters.JUnitReportReporter -->
<testsuite skipped="0" hostname="SAMIRKUM" name="testNG.manageWindowHandle" tests="1" failures="0" timestamp="29 Aug 2017 04:32:13 GMT" time="26.396" errors="0">
  <testcase name="launchWindow" time="26.396" classname="testNG.manageWindowHandle"/>
</testsuite> <!-- testNG.manageWindowHandle -->
