<?xml version="1.0" encoding="UTF-8"?>
<!-- Generated by org.testng.reporters.JUnitReportReporter -->
<testsuite skipped="0" hostname="SAMIRKUM" name="testNG.priorityCheck" tests="4" failures="0" timestamp="16 Mar 2018 05:41:07 GMT" time="0.024" errors="0">
  <testcase name="login" time="0.018" classname="testNG.priorityCheck"/>
  <testcase name="verification" time="0.002" classname="testNG.priorityCheck"/>
  <testcase name="register" time="0.002" classname="testNG.priorityCheck"/>
  <testcase name="authentication" time="0.002" classname="testNG.priorityCheck"/>
</testsuite> <!-- testNG.priorityCheck -->
