<?xml version="1.0" encoding="UTF-8"?>
<!-- Generated by org.testng.reporters.JUnitReportReporter -->
<testsuite skipped="0" hostname="SAMIRKUM" name="testNG.sysDate" tests="1" failures="0" timestamp="29 Aug 2017 04:32:13 GMT" time="2.846" errors="0">
  <testcase name="dateAndTime" time="2.846" classname="testNG.sysDate"/>
</testsuite> <!-- testNG.sysDate -->
