<?xml version="1.0" encoding="UTF-8"?>
<!-- Generated by org.testng.reporters.JUnitReportReporter -->
<testsuite skipped="1" hostname="SAMIRKUM" name="testNG.scrollNcheck" tests="3" failures="0" timestamp="23 Nov 2017 11:33:25 GMT" time="13.416" errors="0">
  <testcase name="launchBrowser" time="7.497" classname="testNG.scrollNcheck"/>
  <testcase name="scrollBottom" time="5.919" classname="testNG.scrollNcheck"/>
  <testcase name="scrolltoElement" classname="testNG.scrollNcheck">
    <skipped/>
  </testcase> <!-- scrolltoElement -->
</testsuite> <!-- testNG.scrollNcheck -->
