<?xml version="1.0" encoding="UTF-8"?>
<!-- Generated by org.testng.reporters.JUnitReportReporter -->
<testsuite skipped="0" hostname="SAMIRKUM" name="testNG.alertHandle" tests="1" failures="0" timestamp="29 Aug 2017 04:32:13 GMT" time="14.673" errors="0">
  <testcase name="alertTest" time="14.673" classname="testNG.alertHandle"/>
</testsuite> <!-- testNG.alertHandle -->
