<?xml version="1.0" encoding="UTF-8"?>
<!-- Generated by org.testng.reporters.JUnitReportReporter -->
<testsuite skipped="1" hostname="SAMIRKUM" name="testNG.dataDrivenTest" tests="1" failures="0" timestamp="27 Dec 2017 10:16:12 GMT" time="0.000" errors="0">
  <testcase name="verifyLogin" time="0.000" classname="testNG.dataDrivenTest">
    <skipped/>
  </testcase> <!-- verifyLogin -->
</testsuite> <!-- testNG.dataDrivenTest -->
