<?xml version="1.0" encoding="UTF-8"?>
<!-- Generated by org.testng.reporters.JUnitReportReporter -->
<testsuite skipped="0" hostname="SAMIRKUM" name="com.sample.testNG.sampleTest" tests="2" failures="0" timestamp="29 Aug 2017 11:00:50 GMT" time="0.017" errors="0">
  <testcase name="testCaseTwo" time="0.002" classname="com.sample.testNG.sampleTest"/>
  <testcase name="testCaseOne" time="0.015" classname="com.sample.testNG.sampleTest"/>
</testsuite> <!-- com.sample.testNG.sampleTest -->
