<?xml version="1.0" encoding="UTF-8"?>
<!-- Generated by org.testng.reporters.JUnitReportReporter -->
<testsuite skipped="1" hostname="SAMIRKUM" name="testNG.sampleTest" tests="6" failures="0" timestamp="29 Aug 2017 04:32:13 GMT" time="0.008" errors="0">
  <testcase name="sample" time="0.002" classname="testNG.sampleTest"/>
  <testcase name="yest1" time="0.001" classname="testNG.sampleTest"/>
  <testcase name="test2" time="0.003" classname="testNG.sampleTest"/>
  <testcase name="earnt" time="0.001" classname="testNG.sampleTest"/>
  <testcase name="dummy" time="0.001" classname="testNG.sampleTest"/>
  <testcase name="f23" classname="testNG.sampleTest">
    <skipped/>
  </testcase> <!-- f23 -->
</testsuite> <!-- testNG.sampleTest -->
