<?xml version="1.0" encoding="UTF-8"?>
<!-- Generated by org.testng.reporters.JUnitReportReporter -->
<testsuite skipped="0" hostname="SAMIRKUM" name="testNG.windowMinimise" tests="1" failures="0" timestamp="29 Aug 2017 04:32:13 GMT" time="28.248" errors="0">
  <testcase name="setWindowSize" time="28.248" classname="testNG.windowMinimise"/>
</testsuite> <!-- testNG.windowMinimise -->
