<?xml version="1.0" encoding="UTF-8"?>
<!-- Generated by org.testng.reporters.JUnitReportReporter -->
<testsuite skipped="0" hostname="Manav" name="com.mytest.selenium.webdriver.sample.MyTest" tests="3" failures="0" timestamp="26 Mar 2019 05:14:55 GMT" time="0.020" errors="0">
  <testcase name="login" time="0.002" classname="com.mytest.selenium.webdriver.sample.MyTest"/>
  <testcase name="register" time="0.002" classname="com.mytest.selenium.webdriver.sample.MyTest"/>
  <testcase name="home" time="0.016" classname="com.mytest.selenium.webdriver.sample.MyTest"/>
</testsuite> <!-- com.mytest.selenium.webdriver.sample.MyTest -->
