<?xml version="1.0" encoding="UTF-8"?>
<!-- Generated by org.testng.reporters.JUnitReportReporter -->
<testsuite skipped="3" hostname="SAMIRKUM" name="testNG.SkipExample" tests="3" failures="0" timestamp="30 Jan 2018 04:18:08 GMT" time="0.013" errors="0">
  <testcase name="testCaseConditionalSkipException" time="0.012" classname="testNG.SkipExample">
    <skipped/>
  </testcase> <!-- testCaseConditionalSkipException -->
  <testcase name="testCaseSkipException" time="0.001" classname="testNG.SkipExample">
    <skipped/>
  </testcase> <!-- testCaseSkipException -->
  <testcase name="testCaseEnabling" classname="testNG.SkipExample">
    <skipped/>
  </testcase> <!-- testCaseEnabling -->
</testsuite> <!-- testNG.SkipExample -->
