<?xml version="1.0" encoding="UTF-8"?>
<!-- Generated by org.testng.reporters.JUnitReportReporter -->
<testsuite skipped="0" hostname="SAMIRKUM" name="testNG.getElementSize" tests="1" failures="0" timestamp="29 Aug 2017 04:32:13 GMT" time="0.114" errors="0">
  <testcase name="getSize" time="0.114" classname="testNG.getElementSize"/>
</testsuite> <!-- testNG.getElementSize -->
