<?xml version="1.0" encoding="UTF-8"?>
<!-- Generated by org.testng.reporters.JUnitReportReporter -->
<testsuite skipped="0" hostname="Manav" name="com.newPrograms.test.NumberSeresPrograms" tests="1" failures="0" timestamp="22 May 2019 05:19:49 GMT" time="12.108" errors="0">
  <testcase name="findMaxCharacter" time="12.108" classname="com.newPrograms.test.NumberSeresPrograms"/>
</testsuite> <!-- com.newPrograms.test.NumberSeresPrograms -->
