<?xml version="1.0" encoding="UTF-8"?>
<!-- Generated by org.testng.reporters.JUnitReportReporter -->
<testsuite skipped="0" hostname="SAMIRKUM" name="testNG.dataProviderExample" tests="3" failures="0" timestamp="22 Nov 2017 12:18:19 GMT" time="0.021" errors="0">
  <testcase name="outPutFile" time="0.002" classname="testNG.dataProviderExample"/>
  <testcase name="outPutFile" time="0.017" classname="testNG.dataProviderExample"/>
  <testcase name="outPutFile" time="0.002" classname="testNG.dataProviderExample"/>
</testsuite> <!-- testNG.dataProviderExample -->
