<?xml version="1.0" encoding="UTF-8"?>
<!-- Generated by org.testng.reporters.JUnitReportReporter -->
<testsuite skipped="0" hostname="SAMIRKUM" name="testNG.screenShot" tests="1" failures="0" timestamp="29 Aug 2017 04:32:13 GMT" time="22.701" errors="0">
  <testcase name="launchBrowser" time="22.701" classname="testNG.screenShot"/>
</testsuite> <!-- testNG.screenShot -->
